<?xml version="1.0" encoding="UTF-8"?>
<testsuite name="lab2CodingPatrick.lab2CodingPatrick.WebControllerTest" tests="1" skipped="0" failures="0" errors="0" timestamp="2022-09-23T06:13:35" hostname="Patricks-MacBook-Pro.local" time="0.228">
  <properties/>
  <testcase name="request_to_home()" classname="lab2CodingPatrick.lab2CodingPatrick.WebControllerTest" time="0.228"/>
  <system-out><![CDATA[2022-09-23 02:13:35.458  INFO 23356 --- [    Test worker] .b.t.a.w.s.WebMvcTestContextBootstrapper : Neither @ContextConfiguration nor @ContextHierarchy found for test class [lab2CodingPatrick.lab2CodingPatrick.WebControllerTest], using SpringBootContextLoader
2022-09-23 02:13:35.458  INFO 23356 --- [    Test worker] o.s.t.c.support.AbstractContextLoader    : Could not detect default resource locations for test class [lab2CodingPatrick.lab2CodingPatrick.WebControllerTest]: no resource found for suffixes {-context.xml, Context.groovy}.
2022-09-23 02:13:35.459  INFO 23356 --- [    Test worker] t.c.s.AnnotationConfigContextLoaderUtils : Could not detect default configuration classes for test class [lab2CodingPatrick.lab2CodingPatrick.WebControllerTest]: WebControllerTest does not declare any static, non-private, non-final, nested classes annotated with @Configuration.
2022-09-23 02:13:35.469  INFO 23356 --- [    Test worker] .b.t.c.SpringBootTestContextBootstrapper : Found @SpringBootConfiguration lab2CodingPatrick.lab2CodingPatrick.Lab2CodingPatrickApplication for test class lab2CodingPatrick.lab2CodingPatrick.WebControllerTest
2022-09-23 02:13:35.470  INFO 23356 --- [    Test worker] .b.t.a.w.s.WebMvcTestContextBootstrapper : Loaded default TestExecutionListener class names from location [META-INF/spring.factories]: [org.springframework.boot.test.autoconfigure.restdocs.RestDocsTestExecutionListener, org.springframework.boot.test.autoconfigure.web.client.MockRestServiceServerResetTestExecutionListener, org.springframework.boot.test.autoconfigure.web.servlet.MockMvcPrintOnlyOnFailureTestExecutionListener, org.springframework.boot.test.autoconfigure.web.servlet.WebDriverTestExecutionListener, org.springframework.boot.test.autoconfigure.webservices.client.MockWebServiceServerTestExecutionListener, org.springframework.boot.test.mock.mockito.MockitoTestExecutionListener, org.springframework.boot.test.mock.mockito.ResetMocksTestExecutionListener, org.springframework.test.context.web.ServletTestExecutionListener, org.springframework.test.context.support.DirtiesContextBeforeModesTestExecutionListener, org.springframework.test.context.event.ApplicationEventsTestExecutionListener, org.springframework.test.context.support.DependencyInjectionTestExecutionListener, org.springframework.test.context.support.DirtiesContextTestExecutionListener, org.springframework.test.context.transaction.TransactionalTestExecutionListener, org.springframework.test.context.jdbc.SqlScriptsTestExecutionListener, org.springframework.test.context.event.EventPublishingTestExecutionListener]
2022-09-23 02:13:35.470  INFO 23356 --- [    Test worker] .b.t.a.w.s.WebMvcTestContextBootstrapper : Using TestExecutionListeners: [org.springframework.test.context.web.ServletTestExecutionListener@625487a6, org.springframework.test.context.support.DirtiesContextBeforeModesTestExecutionListener@682e445e, org.springframework.test.context.event.ApplicationEventsTestExecutionListener@79e10fb4, org.springframework.boot.test.mock.mockito.MockitoTestExecutionListener@70fede7d, org.springframework.boot.test.autoconfigure.SpringBootDependencyInjectionTestExecutionListener@36510e73, org.springframework.test.context.support.DirtiesContextTestExecutionListener@2c47a053, org.springframework.test.context.event.EventPublishingTestExecutionListener@5d2a86c0, org.springframework.boot.test.autoconfigure.restdocs.RestDocsTestExecutionListener@5ba1b62e, org.springframework.boot.test.autoconfigure.web.client.MockRestServiceServerResetTestExecutionListener@65bd19bf, org.springframework.boot.test.autoconfigure.web.servlet.MockMvcPrintOnlyOnFailureTestExecutionListener@74697863, org.springframework.boot.test.autoconfigure.web.servlet.WebDriverTestExecutionListener@7d7ceca8, org.springframework.boot.test.autoconfigure.webservices.client.MockWebServiceServerTestExecutionListener@2bba35ef, org.springframework.boot.test.mock.mockito.ResetMocksTestExecutionListener@26c7b1c6]

  .   ____          _            __ _ _
 /\\ / ___'_ __ _ _(_)_ __  __ _ \ \ \ \
( ( )\___ | '_ | '_| | '_ \/ _` | \ \ \ \
 \\/  ___)| |_)| | | | | || (_| |  ) ) ) )
  '  |____| .__|_| |_|_| |_\__, | / / / /
 =========|_|==============|___/=/_/_/_/
 :: Spring Boot ::                (v2.7.4)

2022-09-23 02:13:35.487  INFO 23356 --- [    Test worker] l.lab2CodingPatrick.WebControllerTest    : Starting WebControllerTest using Java 17.0.4.1 on Patricks-MacBook-Pro.local with PID 23356 (started by patrickloranger in /Users/patrickloranger/Documents/uOttawa SEG/6. Fall 2022/SEG 3502/lab2-CodingPatrick)
2022-09-23 02:13:35.487  INFO 23356 --- [    Test worker] l.lab2CodingPatrick.WebControllerTest    : No active profile set, falling back to 1 default profile: "default"
2022-09-23 02:13:35.717  INFO 23356 --- [    Test worker] o.s.b.t.m.w.SpringBootMockServletContext : Initializing Spring TestDispatcherServlet ''
2022-09-23 02:13:35.717  INFO 23356 --- [    Test worker] o.s.t.web.servlet.TestDispatcherServlet  : Initializing Servlet ''
2022-09-23 02:13:35.718  INFO 23356 --- [    Test worker] o.s.t.web.servlet.TestDispatcherServlet  : Completed initialization in 1 ms
2022-09-23 02:13:35.726  INFO 23356 --- [    Test worker] l.lab2CodingPatrick.WebControllerTest    : Started WebControllerTest in 0.254 seconds (JVM running for 2.493)
]]></system-out>
  <system-err><![CDATA[]]></system-err>
</testsuite>
