<?xml version="1.0" encoding="UTF-8"?>
<testsuite name="lab2CodingPatrick.lab2CodingPatrick.Lab2CodingPatrickApplicationTests" tests="1" skipped="0" failures="0" errors="0" timestamp="2022-09-23T06:13:35" hostname="Patricks-MacBook-Pro.local" time="0.228">
  <properties/>
  <testcase name="contextLoads()" classname="lab2CodingPatrick.lab2CodingPatrick.Lab2CodingPatrickApplicationTests" time="0.228"/>
  <system-out><![CDATA[02:13:33.768 [Test worker] DEBUG org.springframework.test.context.BootstrapUtils - Instantiating CacheAwareContextLoaderDelegate from class [org.springframework.test.context.cache.DefaultCacheAwareContextLoaderDelegate]
02:13:33.776 [Test worker] DEBUG org.springframework.test.context.BootstrapUtils - Instantiating BootstrapContext using constructor [public org.springframework.test.context.support.DefaultBootstrapContext(java.lang.Class,org.springframework.test.context.CacheAwareContextLoaderDelegate)]
02:13:33.804 [Test worker] DEBUG org.springframework.test.context.BootstrapUtils - Instantiating TestContextBootstrapper for test class [lab2CodingPatrick.lab2CodingPatrick.Lab2CodingPatrickApplicationTests] from class [org.springframework.boot.test.context.SpringBootTestContextBootstrapper]
02:13:33.814 [Test worker] INFO org.springframework.boot.test.context.SpringBootTestContextBootstrapper - Neither @ContextConfiguration nor @ContextHierarchy found for test class [lab2CodingPatrick.lab2CodingPatrick.Lab2CodingPatrickApplicationTests], using SpringBootContextLoader
02:13:33.816 [Test worker] DEBUG org.springframework.test.context.support.AbstractContextLoader - Did not detect default resource location for test class [lab2CodingPatrick.lab2CodingPatrick.Lab2CodingPatrickApplicationTests]: class path resource [lab2CodingPatrick/lab2CodingPatrick/Lab2CodingPatrickApplicationTests-context.xml] does not exist
02:13:33.817 [Test worker] DEBUG org.springframework.test.context.support.AbstractContextLoader - Did not detect default resource location for test class [lab2CodingPatrick.lab2CodingPatrick.Lab2CodingPatrickApplicationTests]: class path resource [lab2CodingPatrick/lab2CodingPatrick/Lab2CodingPatrickApplicationTestsContext.groovy] does not exist
02:13:33.817 [Test worker] INFO org.springframework.test.context.support.AbstractContextLoader - Could not detect default resource locations for test class [lab2CodingPatrick.lab2CodingPatrick.Lab2CodingPatrickApplicationTests]: no resource found for suffixes {-context.xml, Context.groovy}.
02:13:33.817 [Test worker] INFO org.springframework.test.context.support.AnnotationConfigContextLoaderUtils - Could not detect default configuration classes for test class [lab2CodingPatrick.lab2CodingPatrick.Lab2CodingPatrickApplicationTests]: Lab2CodingPatrickApplicationTests does not declare any static, non-private, non-final, nested classes annotated with @Configuration.
02:13:33.843 [Test worker] DEBUG org.springframework.test.context.support.ActiveProfilesUtils - Could not find an 'annotation declaring class' for annotation type [org.springframework.test.context.ActiveProfiles] and class [lab2CodingPatrick.lab2CodingPatrick.Lab2CodingPatrickApplicationTests]
02:13:33.876 [Test worker] DEBUG org.springframework.context.annotation.ClassPathScanningCandidateComponentProvider - Identified candidate component class: file [/Users/patrickloranger/Documents/uOttawa SEG/6. Fall 2022/SEG 3502/lab2-CodingPatrick/build/classes/kotlin/main/lab2CodingPatrick/lab2CodingPatrick/Lab2CodingPatrickApplication.class]
02:13:33.882 [Test worker] INFO org.springframework.boot.test.context.SpringBootTestContextBootstrapper - Found @SpringBootConfiguration lab2CodingPatrick.lab2CodingPatrick.Lab2CodingPatrickApplication for test class lab2CodingPatrick.lab2CodingPatrick.Lab2CodingPatrickApplicationTests
02:13:33.933 [Test worker] DEBUG org.springframework.boot.test.context.SpringBootTestContextBootstrapper - @TestExecutionListeners is not present for class [lab2CodingPatrick.lab2CodingPatrick.Lab2CodingPatrickApplicationTests]: using defaults.
02:13:33.933 [Test worker] INFO org.springframework.boot.test.context.SpringBootTestContextBootstrapper - Loaded default TestExecutionListener class names from location [META-INF/spring.factories]: [org.springframework.boot.test.autoconfigure.restdocs.RestDocsTestExecutionListener, org.springframework.boot.test.autoconfigure.web.client.MockRestServiceServerResetTestExecutionListener, org.springframework.boot.test.autoconfigure.web.servlet.MockMvcPrintOnlyOnFailureTestExecutionListener, org.springframework.boot.test.autoconfigure.web.servlet.WebDriverTestExecutionListener, org.springframework.boot.test.autoconfigure.webservices.client.MockWebServiceServerTestExecutionListener, org.springframework.boot.test.mock.mockito.MockitoTestExecutionListener, org.springframework.boot.test.mock.mockito.ResetMocksTestExecutionListener, org.springframework.test.context.web.ServletTestExecutionListener, org.springframework.test.context.support.DirtiesContextBeforeModesTestExecutionListener, org.springframework.test.context.event.ApplicationEventsTestExecutionListener, org.springframework.test.context.support.DependencyInjectionTestExecutionListener, org.springframework.test.context.support.DirtiesContextTestExecutionListener, org.springframework.test.context.transaction.TransactionalTestExecutionListener, org.springframework.test.context.jdbc.SqlScriptsTestExecutionListener, org.springframework.test.context.event.EventPublishingTestExecutionListener]
02:13:33.939 [Test worker] DEBUG org.springframework.boot.test.context.SpringBootTestContextBootstrapper - Skipping candidate TestExecutionListener [org.springframework.test.context.transaction.TransactionalTestExecutionListener] due to a missing dependency. Specify custom listener classes or make the default listener classes and their required dependencies available. Offending class: [org/springframework/transaction/interceptor/TransactionAttributeSource]
02:13:33.939 [Test worker] DEBUG org.springframework.boot.test.context.SpringBootTestContextBootstrapper - Skipping candidate TestExecutionListener [org.springframework.test.context.jdbc.SqlScriptsTestExecutionListener] due to a missing dependency. Specify custom listener classes or make the default listener classes and their required dependencies available. Offending class: [org/springframework/transaction/interceptor/TransactionAttribute]
02:13:33.939 [Test worker] INFO org.springframework.boot.test.context.SpringBootTestContextBootstrapper - Using TestExecutionListeners: [org.springframework.test.context.web.ServletTestExecutionListener@239b0f9d, org.springframework.test.context.support.DirtiesContextBeforeModesTestExecutionListener@619bfe29, org.springframework.test.context.event.ApplicationEventsTestExecutionListener@5b057c8c, org.springframework.boot.test.mock.mockito.MockitoTestExecutionListener@1eb6749b, org.springframework.boot.test.autoconfigure.SpringBootDependencyInjectionTestExecutionListener@652a7737, org.springframework.test.context.support.DirtiesContextTestExecutionListener@5b7ea70d, org.springframework.test.context.event.EventPublishingTestExecutionListener@2bef51f2, org.springframework.boot.test.autoconfigure.restdocs.RestDocsTestExecutionListener@650eab8, org.springframework.boot.test.autoconfigure.web.client.MockRestServiceServerResetTestExecutionListener@30f5a68a, org.springframework.boot.test.autoconfigure.web.servlet.MockMvcPrintOnlyOnFailureTestExecutionListener@1e1d3956, org.springframework.boot.test.autoconfigure.web.servlet.WebDriverTestExecutionListener@4f2c9ba6, org.springframework.boot.test.autoconfigure.webservices.client.MockWebServiceServerTestExecutionListener@4e28bdd1, org.springframework.boot.test.mock.mockito.ResetMocksTestExecutionListener@53f48368]
02:13:33.941 [Test worker] DEBUG org.springframework.test.context.support.AbstractDirtiesContextTestExecutionListener - Before test class: context [DefaultTestContext@75e01201 testClass = Lab2CodingPatrickApplicationTests, testInstance = [null], testMethod = [null], testException = [null], mergedContextConfiguration = [WebMergedContextConfiguration@2783717b testClass = Lab2CodingPatrickApplicationTests, locations = '{}', classes = '{class lab2CodingPatrick.lab2CodingPatrick.Lab2CodingPatrickApplication}', contextInitializerClasses = '[]', activeProfiles = '{}', propertySourceLocations = '{}', propertySourceProperties = '{org.springframework.boot.test.context.SpringBootTestContextBootstrapper=true}', contextCustomizers = set[org.springframework.boot.test.autoconfigure.actuate.metrics.MetricsExportContextCustomizerFactory$DisableMetricExportContextCustomizer@7582ff54, org.springframework.boot.test.autoconfigure.properties.PropertyMappingContextCustomizer@0, org.springframework.boot.test.autoconfigure.web.servlet.WebDriverContextCustomizerFactory$Customizer@632ceb35, org.springframework.boot.test.context.filter.ExcludeFilterContextCustomizer@1458ed9c, org.springframework.boot.test.json.DuplicateJsonObjectContextCustomizerFactory$DuplicateJsonObjectContextCustomizer@363a52f, org.springframework.boot.test.mock.mockito.MockitoContextCustomizer@0, org.springframework.boot.test.web.client.TestRestTemplateContextCustomizer@30e868be, org.springframework.boot.test.context.SpringBootTestArgs@1, org.springframework.boot.test.context.SpringBootTestWebEnvironment@58a9760d], resourceBasePath = 'src/main/webapp', contextLoader = 'org.springframework.boot.test.context.SpringBootContextLoader', parent = [null]], attributes = map['org.springframework.test.context.web.ServletTestExecutionListener.activateListener' -> true]], class annotated with @DirtiesContext [false] with mode [null].

  .   ____          _            __ _ _
 /\\ / ___'_ __ _ _(_)_ __  __ _ \ \ \ \
( ( )\___ | '_ | '_| | '_ \/ _` | \ \ \ \
 \\/  ___)| |_)| | | | | || (_| |  ) ) ) )
  '  |____| .__|_| |_|_| |_\__, | / / / /
 =========|_|==============|___/=/_/_/_/
 :: Spring Boot ::                (v2.7.4)

2022-09-23 02:13:34.300  INFO 23356 --- [    Test worker] l.l.Lab2CodingPatrickApplicationTests    : Starting Lab2CodingPatrickApplicationTests using Java 17.0.4.1 on Patricks-MacBook-Pro.local with PID 23356 (started by patrickloranger in /Users/patrickloranger/Documents/uOttawa SEG/6. Fall 2022/SEG 3502/lab2-CodingPatrick)
2022-09-23 02:13:34.301  INFO 23356 --- [    Test worker] l.l.Lab2CodingPatrickApplicationTests    : No active profile set, falling back to 1 default profile: "default"
2022-09-23 02:13:35.214  INFO 23356 --- [    Test worker] l.l.Lab2CodingPatrickApplicationTests    : Started Lab2CodingPatrickApplicationTests in 1.251 seconds (JVM running for 1.981)
]]></system-out>
  <system-err><![CDATA[]]></system-err>
</testsuite>
